Using pre-set license
Built from '2020.3/staging' branch; Version is '2020.3.0f1 (c7b5465681fb) revision 13088070'; Using compiler version '192528614'; Build Type 'Release'
OS: 'Windows 10 Home; OS build 19043.1165; Version 2009; 64bit' Language: 'en' Physical Memory: 16324 MB
BatchMode: 1, IsHumanControllingUs: 0, StartBugReporterOnCrash: 0, Is64bit: 1, IsPro: 0

 COMMAND LINE ARGUMENTS:
C:\Program Files\Unity\Hub\Editor\2020.3.0f1\Editor\Unity.exe
-adb2
-batchMode
-noUpm
-name
AssetImportWorker4
-projectPath
D:/GitProjects/ComboSystemCGS/Combo-System-CGS/ComboSystemSolo
-logFile
Logs/AssetImportWorker4.log
-srvPort
56531
Successfully changed project path to: D:/GitProjects/ComboSystemCGS/Combo-System-CGS/ComboSystemSolo
D:/GitProjects/ComboSystemCGS/Combo-System-CGS/ComboSystemSolo
Using Asset Import Pipeline V2.
Refreshing native plugins compatible for Editor in 112.89 ms, found 0 plugins.
Preloading 0 native plugins for Editor in 0.00 ms.
Initialize engine version: 2020.3.0f1 (c7b5465681fb)
[Subsystems] Discovering subsystems at path C:/Program Files/Unity/Hub/Editor/2020.3.0f1/Editor/Data/Resources/UnitySubsystems
[Subsystems] Discovering subsystems at path D:/GitProjects/ComboSystemCGS/Combo-System-CGS/ComboSystemSolo/Assets
GfxDevice: creating device client; threaded=0
Direct3D:
    Version:  Direct3D 11.0 [level 11.1]
    Renderer: NVIDIA GeForce GTX 1070 Ti (ID=0x1b82)
    Vendor:   
    VRAM:     8079 MB
    Driver:   30.0.14.7111
Initialize mono
Mono path[0] = 'C:/Program Files/Unity/Hub/Editor/2020.3.0f1/Editor/Data/Managed'
Mono path[1] = 'C:/Program Files/Unity/Hub/Editor/2020.3.0f1/Editor/Data/MonoBleedingEdge/lib/mono/unityjit'
Mono config path = 'C:/Program Files/Unity/Hub/Editor/2020.3.0f1/Editor/Data/MonoBleedingEdge/etc'
Using monoOptions --debugger-agent=transport=dt_socket,embedding=1,server=y,suspend=n,address=127.0.0.1:56180
Begin MonoManager ReloadAssembly
Registering precompiled unity dll's ...
Register platform support module: C:/Program Files/Unity/Hub/Editor/2020.3.0f1/Editor/Data/PlaybackEngines/WindowsStandaloneSupport/UnityEditor.WindowsStandalone.Extensions.dll
Registered in 0.005807 seconds.
Native extension for WindowsStandalone target not found
Refreshing native plugins compatible for Editor in 106.36 ms, found 0 plugins.
Preloading 0 native plugins for Editor in 0.00 ms.
Invoked RoslynAnalysisRunner static constructor.
RoslynAnalysisRunner will not be running.
RoslynAnalysisRunner has terminated.
Mono: successfully reloaded assembly
- Completed reload, in  1.775 seconds
Platform modules already initialized, skipping
Registering precompiled user dll's ...
Registered in 0.002556 seconds.
Begin MonoManager ReloadAssembly
Native extension for WindowsStandalone target not found
Refreshing native plugins compatible for Editor in 86.41 ms, found 0 plugins.
Preloading 0 native plugins for Editor in 0.00 ms.
Invoked RoslynAnalysisRunner static constructor.
RoslynAnalysisRunner will not be running.
RoslynAnalysisRunner has terminated.
Mono: successfully reloaded assembly
- Completed reload, in  4.206 seconds
Platform modules already initialized, skipping
========================================================================
Worker process is ready to serve import requests
Launched and connected shader compiler UnityShaderCompiler.exe after 0.11 seconds
Refreshing native plugins compatible for Editor in 0.60 ms, found 0 plugins.
Preloading 0 native plugins for Editor in 0.00 ms.
Unloading 3728 Unused Serialized files (Serialized files now loaded: 0)
System memory in use before: 176.7 MB.
System memory in use after: 176.9 MB.

Unloading 16 unused Assets to reduce memory usage. Loaded Objects now: 4188.
Total: 2.928100 ms (FindLiveObjects: 0.307700 ms CreateObjectMapping: 0.184500 ms MarkObjects: 2.368200 ms  DeleteObjects: 0.066800 ms)

AssetImportParameters requested are different than current active one (requested -> active):
  requireTextureImportCompression: false -> true
========================================================================
Received Import Request.
  path: Assets/Sprites/Char_5.png
  artifactKey: Guid(4d030d79c3b1aa240bbc654a2209eb57) Importer(815301076,1909f56bfc062723c751e8b465ee728b)
Start importing Assets/Sprites/Char_5.png using Guid(4d030d79c3b1aa240bbc654a2209eb57) Importer(815301076,1909f56bfc062723c751e8b465ee728b)  -> (artifact id: '08cf71002c5201fe539feebb0d1cc681') in 0.307614 seconds
  Import took 0.337363 seconds .

========================================================================
Received Import Request.
  Time since last request: 182.920391 seconds.
  path: Assets/Sprites/Char_5.png
  artifactKey: Guid(4d030d79c3b1aa240bbc654a2209eb57) Importer(815301076,1909f56bfc062723c751e8b465ee728b)
Start importing Assets/Sprites/Char_5.png using Guid(4d030d79c3b1aa240bbc654a2209eb57) Importer(815301076,1909f56bfc062723c751e8b465ee728b)  -> (artifact id: 'a75981df112cbd729b6d04e1cd26750c') in 0.127112 seconds
  Import took 0.161643 seconds .

========================================================================
Received Import Request.
  Time since last request: 12.344566 seconds.
  path: Assets/Sprites/Char_5.png
  artifactKey: Guid(4d030d79c3b1aa240bbc654a2209eb57) Importer(815301076,1909f56bfc062723c751e8b465ee728b)
Start importing Assets/Sprites/Char_5.png using Guid(4d030d79c3b1aa240bbc654a2209eb57) Importer(815301076,1909f56bfc062723c751e8b465ee728b)  -> (artifact id: '8a1ba1a0bc57de1f48aac7139e9da74c') in 0.116729 seconds
  Import took 0.142683 seconds .

========================================================================
Received Import Request.
  Time since last request: 3.598793 seconds.
  path: Assets/Sprites/Char_5.png
  artifactKey: Guid(4d030d79c3b1aa240bbc654a2209eb57) Importer(815301076,1909f56bfc062723c751e8b465ee728b)
Start importing Assets/Sprites/Char_5.png using Guid(4d030d79c3b1aa240bbc654a2209eb57) Importer(815301076,1909f56bfc062723c751e8b465ee728b)  -> (artifact id: '652eb583bd3b2fae9a7b295d021d6b7e') in 0.120232 seconds
  Import took 0.141255 seconds .

========================================================================
Received Prepare
Registering precompiled user dll's ...
Registered in 0.002281 seconds.
Begin MonoManager ReloadAssembly
Native extension for WindowsStandalone target not found
Refreshing native plugins compatible for Editor in 0.59 ms, found 0 plugins.
Preloading 0 native plugins for Editor in 0.00 ms.
Invoked RoslynAnalysisRunner static constructor.
RoslynAnalysisRunner will not be running.
RoslynAnalysisRunner has terminated.
Mono: successfully reloaded assembly
- Completed reload, in  1.458 seconds
Platform modules already initialized, skipping
Refreshing native plugins compatible for Editor in 0.68 ms, found 0 plugins.
Preloading 0 native plugins for Editor in 0.00 ms.
Unloading 3454 Unused Serialized files (Serialized files now loaded: 0)
System memory in use before: 167.4 MB.
System memory in use after: 167.6 MB.

Unloading 6 unused Assets to reduce memory usage. Loaded Objects now: 4308.
Total: 2.698700 ms (FindLiveObjects: 0.366900 ms CreateObjectMapping: 0.199000 ms MarkObjects: 2.107500 ms  DeleteObjects: 0.023900 ms)

AssetImportParameters requested are different than current active one (requested -> active):
  requireTextureImportCompression: false -> true
========================================================================
Received Prepare
Registering precompiled user dll's ...
Registered in 0.001954 seconds.
Begin MonoManager ReloadAssembly
Native extension for WindowsStandalone target not found
Refreshing native plugins compatible for Editor in 0.89 ms, found 0 plugins.
Preloading 0 native plugins for Editor in 0.00 ms.
Invoked RoslynAnalysisRunner static constructor.
RoslynAnalysisRunner will not be running.
RoslynAnalysisRunner has terminated.
Mono: successfully reloaded assembly
- Completed reload, in  1.172 seconds
Platform modules already initialized, skipping
Refreshing native plugins compatible for Editor in 0.97 ms, found 0 plugins.
Preloading 0 native plugins for Editor in 0.00 ms.
Unloading 3454 Unused Serialized files (Serialized files now loaded: 0)
System memory in use before: 167.4 MB.
System memory in use after: 167.7 MB.

Unloading 6 unused Assets to reduce memory usage. Loaded Objects now: 4311.
Total: 3.025400 ms (FindLiveObjects: 0.364900 ms CreateObjectMapping: 0.220100 ms MarkObjects: 2.420300 ms  DeleteObjects: 0.019100 ms)

AssetImportParameters requested are different than current active one (requested -> active):
  requireTextureImportCompression: false -> true
========================================================================
Received Import Request.
  Time since last request: 2470.497557 seconds.
  path: Assets/Scripts/Attacks/Effects/Kick/KickKB.asset
  artifactKey: Guid(427d87b96a91cc04ca27408cad611052) Importer(815301076,1909f56bfc062723c751e8b465ee728b)
Start importing Assets/Scripts/Attacks/Effects/Kick/KickKB.asset using Guid(427d87b96a91cc04ca27408cad611052) Importer(815301076,1909f56bfc062723c751e8b465ee728b)  -> (artifact id: '4c849b0f75bd9990714a581005b22686') in 0.030703 seconds
  Import took 0.061745 seconds .

========================================================================
Received Import Request.
  Time since last request: 0.052095 seconds.
  path: Assets/Scripts/Attacks/Effects/Kick/KickKB.asset
  artifactKey: Guid(427d87b96a91cc04ca27408cad611052) Importer(815301076,1909f56bfc062723c751e8b465ee728b)
Start importing Assets/Scripts/Attacks/Effects/Kick/KickKB.asset using Guid(427d87b96a91cc04ca27408cad611052) Importer(815301076,1909f56bfc062723c751e8b465ee728b)  -> (artifact id: '4c849b0f75bd9990714a581005b22686') in 0.004518 seconds
  Import took 0.010176 seconds .

========================================================================
Received Prepare
Registering precompiled user dll's ...
Registered in 0.002738 seconds.
Begin MonoManager ReloadAssembly
Native extension for WindowsStandalone target not found
Refreshing native plugins compatible for Editor in 0.59 ms, found 0 plugins.
Preloading 0 native plugins for Editor in 0.00 ms.
Invoked RoslynAnalysisRunner static constructor.
RoslynAnalysisRunner will not be running.
RoslynAnalysisRunner has terminated.
Mono: successfully reloaded assembly
- Completed reload, in  1.177 seconds
Platform modules already initialized, skipping
Refreshing native plugins compatible for Editor in 0.63 ms, found 0 plugins.
Preloading 0 native plugins for Editor in 0.00 ms.
Unloading 3454 Unused Serialized files (Serialized files now loaded: 0)
System memory in use before: 167.5 MB.
System memory in use after: 167.7 MB.

Unloading 6 unused Assets to reduce memory usage. Loaded Objects now: 4314.
Total: 2.436200 ms (FindLiveObjects: 0.339800 ms CreateObjectMapping: 0.175400 ms MarkObjects: 1.905300 ms  DeleteObjects: 0.014500 ms)

AssetImportParameters requested are different than current active one (requested -> active):
  requireTextureImportCompression: false -> true
========================================================================
Received Import Request.
  Time since last request: 22.376715 seconds.
  path: Assets/Scripts/Attacks/Effects/Kick/KickKB.asset
  artifactKey: Guid(427d87b96a91cc04ca27408cad611052) Importer(815301076,1909f56bfc062723c751e8b465ee728b)
Start importing Assets/Scripts/Attacks/Effects/Kick/KickKB.asset using Guid(427d87b96a91cc04ca27408cad611052) Importer(815301076,1909f56bfc062723c751e8b465ee728b)  -> (artifact id: 'c8191f607756a0741a2ed8af9840169d') in 0.016967 seconds
  Import took 0.041572 seconds .

========================================================================
Received Import Request.
  Time since last request: 0.000415 seconds.
  path: Assets/Scripts/Attacks/Effects/Kick/KickKB.asset
  artifactKey: Guid(427d87b96a91cc04ca27408cad611052) Importer(815301076,1909f56bfc062723c751e8b465ee728b)
Start importing Assets/Scripts/Attacks/Effects/Kick/KickKB.asset using Guid(427d87b96a91cc04ca27408cad611052) Importer(815301076,1909f56bfc062723c751e8b465ee728b)  -> (artifact id: 'c8191f607756a0741a2ed8af9840169d') in 0.005705 seconds
  Import took 0.013076 seconds .

========================================================================
Received Prepare
Registering precompiled user dll's ...
Registered in 0.002288 seconds.
Begin MonoManager ReloadAssembly
Native extension for WindowsStandalone target not found
Refreshing native plugins compatible for Editor in 0.77 ms, found 0 plugins.
Preloading 0 native plugins for Editor in 0.00 ms.
Invoked RoslynAnalysisRunner static constructor.
RoslynAnalysisRunner will not be running.
RoslynAnalysisRunner has terminated.
Mono: successfully reloaded assembly
- Completed reload, in  1.189 seconds
Platform modules already initialized, skipping
Refreshing native plugins compatible for Editor in 0.68 ms, found 0 plugins.
Preloading 0 native plugins for Editor in 0.00 ms.
Unloading 3454 Unused Serialized files (Serialized files now loaded: 0)
System memory in use before: 167.5 MB.
System memory in use after: 167.7 MB.

Unloading 6 unused Assets to reduce memory usage. Loaded Objects now: 4317.
Total: 2.736000 ms (FindLiveObjects: 0.421900 ms CreateObjectMapping: 0.191600 ms MarkObjects: 2.105200 ms  DeleteObjects: 0.016300 ms)

AssetImportParameters requested are different than current active one (requested -> active):
  requireTextureImportCompression: false -> true
========================================================================
Received Import Request.
  Time since last request: 27.842160 seconds.
  path: Assets/Scripts/Attacks/Effects/Kick/KickKB.asset
  artifactKey: Guid(427d87b96a91cc04ca27408cad611052) Importer(815301076,1909f56bfc062723c751e8b465ee728b)
Start importing Assets/Scripts/Attacks/Effects/Kick/KickKB.asset using Guid(427d87b96a91cc04ca27408cad611052) Importer(815301076,1909f56bfc062723c751e8b465ee728b)  -> (artifact id: '0c3904d5bca74239b00272c7679a960b') in 0.018246 seconds
  Import took 0.043777 seconds .

========================================================================
Received Import Request.
  Time since last request: 14.183395 seconds.
  path: Assets/Scripts/Attacks/Effects/Kick/KickStun.asset
  artifactKey: Guid(fa647c6674e506d4c8fab8c15d24116c) Importer(815301076,1909f56bfc062723c751e8b465ee728b)
Start importing Assets/Scripts/Attacks/Effects/Kick/KickStun.asset using Guid(fa647c6674e506d4c8fab8c15d24116c) Importer(815301076,1909f56bfc062723c751e8b465ee728b)  -> (artifact id: '41e15c12cc1fefac37528b445bd9f52f') in 0.006896 seconds
  Import took 0.034014 seconds .

========================================================================
Received Import Request.
  Time since last request: 8.502860 seconds.
  path: Assets/Scripts/Attacks/Effects/Kick/KickKB.asset
  artifactKey: Guid(427d87b96a91cc04ca27408cad611052) Importer(815301076,1909f56bfc062723c751e8b465ee728b)
Start importing Assets/Scripts/Attacks/Effects/Kick/KickKB.asset using Guid(427d87b96a91cc04ca27408cad611052) Importer(815301076,1909f56bfc062723c751e8b465ee728b)  -> (artifact id: 'bbddf40eed7602e958a1c2f802c1ad4a') in 0.006264 seconds
  Import took 0.025351 seconds .

========================================================================
Received Import Request.
  Time since last request: 0.000492 seconds.
  path: Assets/Scripts/Attacks/Effects/Kick/KickKB.asset
  artifactKey: Guid(427d87b96a91cc04ca27408cad611052) Importer(815301076,1909f56bfc062723c751e8b465ee728b)
Start importing Assets/Scripts/Attacks/Effects/Kick/KickKB.asset using Guid(427d87b96a91cc04ca27408cad611052) Importer(815301076,1909f56bfc062723c751e8b465ee728b)  -> (artifact id: 'bbddf40eed7602e958a1c2f802c1ad4a') in 0.007456 seconds
  Import took 0.013603 seconds .

========================================================================
Received Prepare
Registering precompiled user dll's ...
Registered in 0.002070 seconds.
Begin MonoManager ReloadAssembly
Native extension for WindowsStandalone target not found
Refreshing native plugins compatible for Editor in 0.64 ms, found 0 plugins.
Preloading 0 native plugins for Editor in 0.00 ms.
Invoked RoslynAnalysisRunner static constructor.
RoslynAnalysisRunner will not be running.
RoslynAnalysisRunner has terminated.
Mono: successfully reloaded assembly
- Completed reload, in  1.132 seconds
Platform modules already initialized, skipping
Refreshing native plugins compatible for Editor in 0.75 ms, found 0 plugins.
Preloading 0 native plugins for Editor in 0.00 ms.
Unloading 3454 Unused Serialized files (Serialized files now loaded: 0)
System memory in use before: 167.5 MB.
System memory in use after: 167.8 MB.

Unloading 6 unused Assets to reduce memory usage. Loaded Objects now: 4320.
Total: 2.535600 ms (FindLiveObjects: 0.379200 ms CreateObjectMapping: 0.224100 ms MarkObjects: 1.916500 ms  DeleteObjects: 0.014700 ms)

AssetImportParameters requested are different than current active one (requested -> active):
  requireTextureImportCompression: false -> true
========================================================================
Received Import Request.
  Time since last request: 27.401331 seconds.
  path: Assets/Scripts/Attacks/Effects/Kick/KickKB.asset
  artifactKey: Guid(427d87b96a91cc04ca27408cad611052) Importer(815301076,1909f56bfc062723c751e8b465ee728b)
Start importing Assets/Scripts/Attacks/Effects/Kick/KickKB.asset using Guid(427d87b96a91cc04ca27408cad611052) Importer(815301076,1909f56bfc062723c751e8b465ee728b)  -> (artifact id: 'c21a60c0202e219839528784c7763fed') in 0.014386 seconds
  Import took 0.042441 seconds .

========================================================================
Received Import Request.
  Time since last request: 0.071900 seconds.
  path: Assets/Scripts/Attacks/Effects/Kick/KickKB.asset
  artifactKey: Guid(427d87b96a91cc04ca27408cad611052) Importer(815301076,1909f56bfc062723c751e8b465ee728b)
Start importing Assets/Scripts/Attacks/Effects/Kick/KickKB.asset using Guid(427d87b96a91cc04ca27408cad611052) Importer(815301076,1909f56bfc062723c751e8b465ee728b)  -> (artifact id: 'c21a60c0202e219839528784c7763fed') in 0.004493 seconds
  Import took 0.011728 seconds .

========================================================================
Received Prepare
Registering precompiled user dll's ...
Registered in 0.001813 seconds.
Begin MonoManager ReloadAssembly
Native extension for WindowsStandalone target not found
Refreshing native plugins compatible for Editor in 0.93 ms, found 0 plugins.
Preloading 0 native plugins for Editor in 0.00 ms.
Invoked RoslynAnalysisRunner static constructor.
RoslynAnalysisRunner will not be running.
RoslynAnalysisRunner has terminated.
Mono: successfully reloaded assembly
- Completed reload, in  1.345 seconds
Platform modules already initialized, skipping
Refreshing native plugins compatible for Editor in 0.76 ms, found 0 plugins.
Preloading 0 native plugins for Editor in 0.00 ms.
Unloading 3454 Unused Serialized files (Serialized files now loaded: 0)
System memory in use before: 167.5 MB.
System memory in use after: 167.8 MB.

Unloading 6 unused Assets to reduce memory usage. Loaded Objects now: 4323.
Total: 3.827700 ms (FindLiveObjects: 0.356100 ms CreateObjectMapping: 0.201800 ms MarkObjects: 3.249300 ms  DeleteObjects: 0.019000 ms)

AssetImportParameters requested are different than current active one (requested -> active):
  requireTextureImportCompression: false -> true
========================================================================
Received Import Request.
  Time since last request: 70.618667 seconds.
  path: Assets/Scripts/Attacks/Special/DragonBomb.asset
  artifactKey: Guid(edf1630919a5108488abc0a1b03f1749) Importer(815301076,1909f56bfc062723c751e8b465ee728b)
Start importing Assets/Scripts/Attacks/Special/DragonBomb.asset using Guid(edf1630919a5108488abc0a1b03f1749) Importer(815301076,1909f56bfc062723c751e8b465ee728b)  -> (artifact id: '0b9dbf35b7ae954c9bdc6ffe07f1e054') in 0.152872 seconds
  Import took 0.185161 seconds .

========================================================================
Received Prepare
Registering precompiled user dll's ...
Registered in 0.001749 seconds.
Begin MonoManager ReloadAssembly
Native extension for WindowsStandalone target not found
Refreshing native plugins compatible for Editor in 1.39 ms, found 0 plugins.
Preloading 0 native plugins for Editor in 0.00 ms.
Invoked RoslynAnalysisRunner static constructor.
RoslynAnalysisRunner will not be running.
RoslynAnalysisRunner has terminated.
Mono: successfully reloaded assembly
- Completed reload, in  1.419 seconds
Platform modules already initialized, skipping
Refreshing native plugins compatible for Editor in 0.68 ms, found 0 plugins.
Preloading 0 native plugins for Editor in 0.00 ms.
Unloading 3454 Unused Serialized files (Serialized files now loaded: 0)
System memory in use before: 167.6 MB.
System memory in use after: 167.8 MB.

Unloading 7 unused Assets to reduce memory usage. Loaded Objects now: 4326.
Total: 2.994500 ms (FindLiveObjects: 0.467300 ms CreateObjectMapping: 0.269700 ms MarkObjects: 2.167000 ms  DeleteObjects: 0.089200 ms)

AssetImportParameters requested are different than current active one (requested -> active):
  requireTextureImportCompression: false -> true
AssetImportWorkerClient::OnTransportError - code=2 error=End of file
