Using pre-set license
Built from '2020.3/staging' branch; Version is '2020.3.0f1 (c7b5465681fb) revision 13088070'; Using compiler version '192528614'; Build Type 'Release'
OS: 'Windows 10 Home; OS build 19043.1165; Version 2009; 64bit' Language: 'en' Physical Memory: 16324 MB
BatchMode: 1, IsHumanControllingUs: 0, StartBugReporterOnCrash: 0, Is64bit: 1, IsPro: 0

 COMMAND LINE ARGUMENTS:
C:\Program Files\Unity\Hub\Editor\2020.3.0f1\Editor\Unity.exe
-adb2
-batchMode
-noUpm
-name
AssetImportWorker0
-projectPath
D:/GitProjects/ComboSystemCGS/Combo-System-CGS/ComboSystemSolo
-logFile
Logs/AssetImportWorker0.log
-srvPort
60753
Successfully changed project path to: D:/GitProjects/ComboSystemCGS/Combo-System-CGS/ComboSystemSolo
D:/GitProjects/ComboSystemCGS/Combo-System-CGS/ComboSystemSolo
Using Asset Import Pipeline V2.
Refreshing native plugins compatible for Editor in 72.83 ms, found 0 plugins.
Preloading 0 native plugins for Editor in 0.00 ms.
Initialize engine version: 2020.3.0f1 (c7b5465681fb)
[Subsystems] Discovering subsystems at path C:/Program Files/Unity/Hub/Editor/2020.3.0f1/Editor/Data/Resources/UnitySubsystems
[Subsystems] Discovering subsystems at path D:/GitProjects/ComboSystemCGS/Combo-System-CGS/ComboSystemSolo/Assets
GfxDevice: creating device client; threaded=0
Direct3D:
    Version:  Direct3D 11.0 [level 11.1]
    Renderer: NVIDIA GeForce GTX 1070 Ti (ID=0x1b82)
    Vendor:   
    VRAM:     8079 MB
    Driver:   30.0.14.7111
Initialize mono
Mono path[0] = 'C:/Program Files/Unity/Hub/Editor/2020.3.0f1/Editor/Data/Managed'
Mono path[1] = 'C:/Program Files/Unity/Hub/Editor/2020.3.0f1/Editor/Data/MonoBleedingEdge/lib/mono/unityjit'
Mono config path = 'C:/Program Files/Unity/Hub/Editor/2020.3.0f1/Editor/Data/MonoBleedingEdge/etc'
Using monoOptions --debugger-agent=transport=dt_socket,embedding=1,server=y,suspend=n,address=127.0.0.1:56968
Begin MonoManager ReloadAssembly
Registering precompiled unity dll's ...
Register platform support module: C:/Program Files/Unity/Hub/Editor/2020.3.0f1/Editor/Data/PlaybackEngines/WindowsStandaloneSupport/UnityEditor.WindowsStandalone.Extensions.dll
Registered in 0.002955 seconds.
Native extension for WindowsStandalone target not found
Refreshing native plugins compatible for Editor in 71.17 ms, found 0 plugins.
Preloading 0 native plugins for Editor in 0.00 ms.
Invoked RoslynAnalysisRunner static constructor.
RoslynAnalysisRunner will not be running.
RoslynAnalysisRunner has terminated.
Mono: successfully reloaded assembly
- Completed reload, in  1.310 seconds
Platform modules already initialized, skipping
Registering precompiled user dll's ...
Registered in 0.001792 seconds.
Begin MonoManager ReloadAssembly
Native extension for WindowsStandalone target not found
Refreshing native plugins compatible for Editor in 78.54 ms, found 0 plugins.
Preloading 0 native plugins for Editor in 0.00 ms.
Invoked RoslynAnalysisRunner static constructor.
RoslynAnalysisRunner will not be running.
RoslynAnalysisRunner has terminated.
Mono: successfully reloaded assembly
- Completed reload, in  1.449 seconds
Platform modules already initialized, skipping
========================================================================
Worker process is ready to serve import requests
Launched and connected shader compiler UnityShaderCompiler.exe after 0.07 seconds
Refreshing native plugins compatible for Editor in 0.85 ms, found 0 plugins.
Preloading 0 native plugins for Editor in 0.00 ms.
Unloading 3728 Unused Serialized files (Serialized files now loaded: 0)
System memory in use before: 176.7 MB.
System memory in use after: 176.9 MB.

Unloading 16 unused Assets to reduce memory usage. Loaded Objects now: 4188.
Total: 3.180100 ms (FindLiveObjects: 0.367200 ms CreateObjectMapping: 0.218800 ms MarkObjects: 2.523200 ms  DeleteObjects: 0.069800 ms)

AssetImportParameters requested are different than current active one (requested -> active):
  requireTextureImportCompression: false -> true
========================================================================
Received Import Request.
  path: Assets/PlayerInputs.inputactions
  artifactKey: Guid(2506fc1efd69fb244b30c15bed112ac1) Importer(815301076,1909f56bfc062723c751e8b465ee728b)
Start importing Assets/PlayerInputs.inputactions using Guid(2506fc1efd69fb244b30c15bed112ac1) Importer(815301076,1909f56bfc062723c751e8b465ee728b)  -> (artifact id: '46cc171ece05fbfe21937e2f34e69fe7') in 0.063912 seconds
  Import took 0.188839 seconds .

========================================================================
Received Import Request.
  Time since last request: 202.606641 seconds.
  path: Assets/PlayerInputs.inputactions
  artifactKey: Guid(2506fc1efd69fb244b30c15bed112ac1) Importer(815301076,1909f56bfc062723c751e8b465ee728b)
Start importing Assets/PlayerInputs.inputactions using Guid(2506fc1efd69fb244b30c15bed112ac1) Importer(815301076,1909f56bfc062723c751e8b465ee728b)  -> (artifact id: 'c743534aff8df11d373f75f0e784340b') in 0.007680 seconds
  Import took 0.017219 seconds .

========================================================================
Received Import Request.
  Time since last request: 0.000602 seconds.
  path: Assets/PlayerInputs.inputactions
  artifactKey: Guid(2506fc1efd69fb244b30c15bed112ac1) Importer(815301076,1909f56bfc062723c751e8b465ee728b)
Start importing Assets/PlayerInputs.inputactions using Guid(2506fc1efd69fb244b30c15bed112ac1) Importer(815301076,1909f56bfc062723c751e8b465ee728b)  -> (artifact id: 'c743534aff8df11d373f75f0e784340b') in 0.005989 seconds
  Import took 0.011983 seconds .

========================================================================
Received Import Request.
  Time since last request: 3.315813 seconds.
  path: Assets/PlayerInputs.inputactions
  artifactKey: Guid(2506fc1efd69fb244b30c15bed112ac1) Importer(815301076,1909f56bfc062723c751e8b465ee728b)
Start importing Assets/PlayerInputs.inputactions using Guid(2506fc1efd69fb244b30c15bed112ac1) Importer(815301076,1909f56bfc062723c751e8b465ee728b)  -> (artifact id: '3df38f869e96faddd71b7ac0c5337678') in 0.007752 seconds
  Import took 0.014550 seconds .

========================================================================
Received Import Request.
  Time since last request: 0.000629 seconds.
  path: Assets/PlayerInputs.inputactions
  artifactKey: Guid(2506fc1efd69fb244b30c15bed112ac1) Importer(815301076,1909f56bfc062723c751e8b465ee728b)
Start importing Assets/PlayerInputs.inputactions using Guid(2506fc1efd69fb244b30c15bed112ac1) Importer(815301076,1909f56bfc062723c751e8b465ee728b)  -> (artifact id: '3df38f869e96faddd71b7ac0c5337678') in 0.006057 seconds
  Import took 0.012563 seconds .

========================================================================
Received Import Request.
  Time since last request: 3.408017 seconds.
  path: Assets/PlayerInputs.inputactions
  artifactKey: Guid(2506fc1efd69fb244b30c15bed112ac1) Importer(815301076,1909f56bfc062723c751e8b465ee728b)
Start importing Assets/PlayerInputs.inputactions using Guid(2506fc1efd69fb244b30c15bed112ac1) Importer(815301076,1909f56bfc062723c751e8b465ee728b)  -> (artifact id: '97c64380ac061652333308e6768795c0') in 0.007372 seconds
  Import took 0.017263 seconds .

========================================================================
Received Import Request.
  Time since last request: 2.335284 seconds.
  path: Assets/PlayerInputs.inputactions
  artifactKey: Guid(2506fc1efd69fb244b30c15bed112ac1) Importer(815301076,1909f56bfc062723c751e8b465ee728b)
Start importing Assets/PlayerInputs.inputactions using Guid(2506fc1efd69fb244b30c15bed112ac1) Importer(815301076,1909f56bfc062723c751e8b465ee728b)  -> (artifact id: '26f503f176cdcfe98d6d52238d5a6a6e') in 0.007866 seconds
  Import took 0.028776 seconds .

========================================================================
Received Import Request.
  Time since last request: 2.408426 seconds.
  path: Assets/PlayerInputs.inputactions
  artifactKey: Guid(2506fc1efd69fb244b30c15bed112ac1) Importer(815301076,1909f56bfc062723c751e8b465ee728b)
Start importing Assets/PlayerInputs.inputactions using Guid(2506fc1efd69fb244b30c15bed112ac1) Importer(815301076,1909f56bfc062723c751e8b465ee728b)  -> (artifact id: '623a6463f649bc15d428e3b14ff05730') in 0.011322 seconds
  Import took 0.037845 seconds .

========================================================================
Received Import Request.
  Time since last request: 1.868605 seconds.
  path: Assets/PlayerInputs.inputactions
  artifactKey: Guid(2506fc1efd69fb244b30c15bed112ac1) Importer(815301076,1909f56bfc062723c751e8b465ee728b)
Start importing Assets/PlayerInputs.inputactions using Guid(2506fc1efd69fb244b30c15bed112ac1) Importer(815301076,1909f56bfc062723c751e8b465ee728b)  -> (artifact id: '62dd62e97299919912ba36bff64deb45') in 0.008713 seconds
  Import took 0.022662 seconds .

========================================================================
Received Import Request.
  Time since last request: 0.001347 seconds.
  path: Assets/PlayerInputs.inputactions
  artifactKey: Guid(2506fc1efd69fb244b30c15bed112ac1) Importer(815301076,1909f56bfc062723c751e8b465ee728b)
Start importing Assets/PlayerInputs.inputactions using Guid(2506fc1efd69fb244b30c15bed112ac1) Importer(815301076,1909f56bfc062723c751e8b465ee728b)  -> (artifact id: '62dd62e97299919912ba36bff64deb45') in 0.006763 seconds
  Import took 0.013024 seconds .

========================================================================
Received Import Request.
  Time since last request: 6.712909 seconds.
  path: Assets/PlayerInputs.inputactions
  artifactKey: Guid(2506fc1efd69fb244b30c15bed112ac1) Importer(815301076,1909f56bfc062723c751e8b465ee728b)
Start importing Assets/PlayerInputs.inputactions using Guid(2506fc1efd69fb244b30c15bed112ac1) Importer(815301076,1909f56bfc062723c751e8b465ee728b)  -> (artifact id: 'e39843c233f5fb4f1089091c98fcc1e0') in 0.007600 seconds
  Import took 0.014559 seconds .

========================================================================
Received Import Request.
  Time since last request: 0.001035 seconds.
  path: Assets/PlayerInputs.inputactions
  artifactKey: Guid(2506fc1efd69fb244b30c15bed112ac1) Importer(815301076,1909f56bfc062723c751e8b465ee728b)
Start importing Assets/PlayerInputs.inputactions using Guid(2506fc1efd69fb244b30c15bed112ac1) Importer(815301076,1909f56bfc062723c751e8b465ee728b)  -> (artifact id: 'e39843c233f5fb4f1089091c98fcc1e0') in 0.007429 seconds
  Import took 0.014064 seconds .

========================================================================
Received Import Request.
  Time since last request: 2.627079 seconds.
  path: Assets/PlayerInputs.inputactions
  artifactKey: Guid(2506fc1efd69fb244b30c15bed112ac1) Importer(815301076,1909f56bfc062723c751e8b465ee728b)
Start importing Assets/PlayerInputs.inputactions using Guid(2506fc1efd69fb244b30c15bed112ac1) Importer(815301076,1909f56bfc062723c751e8b465ee728b)  -> (artifact id: '5726bfe4d48d3d8757632c88ca5a5158') in 0.008561 seconds
  Import took 0.038291 seconds .

========================================================================
Received Import Request.
  Time since last request: 3.636684 seconds.
  path: Assets/PlayerInputs.inputactions
  artifactKey: Guid(2506fc1efd69fb244b30c15bed112ac1) Importer(815301076,1909f56bfc062723c751e8b465ee728b)
Start importing Assets/PlayerInputs.inputactions using Guid(2506fc1efd69fb244b30c15bed112ac1) Importer(815301076,1909f56bfc062723c751e8b465ee728b)  -> (artifact id: 'b79b7353578953a791117805d00583fb') in 0.009699 seconds
  Import took 0.032057 seconds .

========================================================================
Received Import Request.
  Time since last request: 4.304396 seconds.
  path: Assets/PlayerInputs.inputactions
  artifactKey: Guid(2506fc1efd69fb244b30c15bed112ac1) Importer(815301076,1909f56bfc062723c751e8b465ee728b)
Start importing Assets/PlayerInputs.inputactions using Guid(2506fc1efd69fb244b30c15bed112ac1) Importer(815301076,1909f56bfc062723c751e8b465ee728b)  -> (artifact id: '48ba3e2401e9562ff9381d26c68e380e') in 0.008226 seconds
  Import took 0.028560 seconds .

========================================================================
Received Import Request.
  Time since last request: 3.406817 seconds.
  path: Assets/PlayerInputs.inputactions
  artifactKey: Guid(2506fc1efd69fb244b30c15bed112ac1) Importer(815301076,1909f56bfc062723c751e8b465ee728b)
Start importing Assets/PlayerInputs.inputactions using Guid(2506fc1efd69fb244b30c15bed112ac1) Importer(815301076,1909f56bfc062723c751e8b465ee728b)  -> (artifact id: '4e5287d2423f8b0b5f6e564775e7399f') in 0.008289 seconds
  Import took 0.034571 seconds .

========================================================================
Received Import Request.
  Time since last request: 3.956120 seconds.
  path: Assets/PlayerInputs.inputactions
  artifactKey: Guid(2506fc1efd69fb244b30c15bed112ac1) Importer(815301076,1909f56bfc062723c751e8b465ee728b)
Start importing Assets/PlayerInputs.inputactions using Guid(2506fc1efd69fb244b30c15bed112ac1) Importer(815301076,1909f56bfc062723c751e8b465ee728b)  -> (artifact id: 'f28eccf2ea18522fa4446165f58975a2') in 0.007657 seconds
  Import took 0.024573 seconds .

========================================================================
Received Import Request.
  Time since last request: 2.449711 seconds.
  path: Assets/PlayerInputs.inputactions
  artifactKey: Guid(2506fc1efd69fb244b30c15bed112ac1) Importer(815301076,1909f56bfc062723c751e8b465ee728b)
Start importing Assets/PlayerInputs.inputactions using Guid(2506fc1efd69fb244b30c15bed112ac1) Importer(815301076,1909f56bfc062723c751e8b465ee728b)  -> (artifact id: 'a5b1693dfe4c07adcea58a0d57314bad') in 0.007816 seconds
  Import took 0.014110 seconds .

========================================================================
Received Import Request.
  Time since last request: 0.000594 seconds.
  path: Assets/PlayerInputs.inputactions
  artifactKey: Guid(2506fc1efd69fb244b30c15bed112ac1) Importer(815301076,1909f56bfc062723c751e8b465ee728b)
Start importing Assets/PlayerInputs.inputactions using Guid(2506fc1efd69fb244b30c15bed112ac1) Importer(815301076,1909f56bfc062723c751e8b465ee728b)  -> (artifact id: 'a5b1693dfe4c07adcea58a0d57314bad') in 0.007081 seconds
  Import took 0.014604 seconds .

========================================================================
Received Import Request.
  Time since last request: 3.227644 seconds.
  path: Assets/PlayerInputs.inputactions
  artifactKey: Guid(2506fc1efd69fb244b30c15bed112ac1) Importer(815301076,1909f56bfc062723c751e8b465ee728b)
Start importing Assets/PlayerInputs.inputactions using Guid(2506fc1efd69fb244b30c15bed112ac1) Importer(815301076,1909f56bfc062723c751e8b465ee728b)  -> (artifact id: '3f30678eb1a978f1ec0fd9a89d3d5c72') in 0.007254 seconds
  Import took 0.016604 seconds .

========================================================================
Received Import Request.
  Time since last request: 2.269581 seconds.
  path: Assets/PlayerInputs.inputactions
  artifactKey: Guid(2506fc1efd69fb244b30c15bed112ac1) Importer(815301076,1909f56bfc062723c751e8b465ee728b)
Start importing Assets/PlayerInputs.inputactions using Guid(2506fc1efd69fb244b30c15bed112ac1) Importer(815301076,1909f56bfc062723c751e8b465ee728b)  -> (artifact id: '715ab4153415fe1ff1abee800e5badce') in 0.008950 seconds
  Import took 0.015166 seconds .

========================================================================
Received Prepare
Registering precompiled user dll's ...
Registered in 0.001728 seconds.
Begin MonoManager ReloadAssembly
Native extension for WindowsStandalone target not found
Refreshing native plugins compatible for Editor in 0.57 ms, found 0 plugins.
Preloading 0 native plugins for Editor in 0.00 ms.
Invoked RoslynAnalysisRunner static constructor.
RoslynAnalysisRunner will not be running.
RoslynAnalysisRunner has terminated.
Mono: successfully reloaded assembly
- Completed reload, in  1.226 seconds
Platform modules already initialized, skipping
Refreshing native plugins compatible for Editor in 0.81 ms, found 0 plugins.
Preloading 0 native plugins for Editor in 0.00 ms.
Unloading 3454 Unused Serialized files (Serialized files now loaded: 0)
System memory in use before: 164.2 MB.
System memory in use after: 164.5 MB.

Unloading 6 unused Assets to reduce memory usage. Loaded Objects now: 4191.
Total: 3.308100 ms (FindLiveObjects: 0.395000 ms CreateObjectMapping: 0.245500 ms MarkObjects: 2.643600 ms  DeleteObjects: 0.021800 ms)

AssetImportParameters requested are different than current active one (requested -> active):
  requireTextureImportCompression: false -> true
========================================================================
Received Prepare
Registering precompiled user dll's ...
Registered in 0.002779 seconds.
Begin MonoManager ReloadAssembly
Native extension for WindowsStandalone target not found
Refreshing native plugins compatible for Editor in 0.58 ms, found 0 plugins.
Preloading 0 native plugins for Editor in 0.00 ms.
Invoked RoslynAnalysisRunner static constructor.
RoslynAnalysisRunner will not be running.
RoslynAnalysisRunner has terminated.
Mono: successfully reloaded assembly
- Completed reload, in  1.204 seconds
Platform modules already initialized, skipping
Refreshing native plugins compatible for Editor in 0.85 ms, found 0 plugins.
Preloading 0 native plugins for Editor in 0.00 ms.
Unloading 3454 Unused Serialized files (Serialized files now loaded: 0)
System memory in use before: 164.3 MB.
System memory in use after: 164.5 MB.

Unloading 6 unused Assets to reduce memory usage. Loaded Objects now: 4194.
Total: 3.158400 ms (FindLiveObjects: 0.340800 ms CreateObjectMapping: 0.184800 ms MarkObjects: 2.614000 ms  DeleteObjects: 0.017600 ms)

AssetImportParameters requested are different than current active one (requested -> active):
  requireTextureImportCompression: false -> true
========================================================================
Received Prepare
Registering precompiled user dll's ...
Registered in 0.001748 seconds.
Begin MonoManager ReloadAssembly
Native extension for WindowsStandalone target not found
Refreshing native plugins compatible for Editor in 0.60 ms, found 0 plugins.
Preloading 0 native plugins for Editor in 0.00 ms.
Invoked RoslynAnalysisRunner static constructor.
RoslynAnalysisRunner will not be running.
RoslynAnalysisRunner has terminated.
Mono: successfully reloaded assembly
- Completed reload, in  1.159 seconds
Platform modules already initialized, skipping
Refreshing native plugins compatible for Editor in 0.64 ms, found 0 plugins.
Preloading 0 native plugins for Editor in 0.00 ms.
Unloading 3454 Unused Serialized files (Serialized files now loaded: 0)
System memory in use before: 164.3 MB.
System memory in use after: 164.6 MB.

Unloading 6 unused Assets to reduce memory usage. Loaded Objects now: 4197.
Total: 3.375500 ms (FindLiveObjects: 0.374000 ms CreateObjectMapping: 0.204500 ms MarkObjects: 2.778800 ms  DeleteObjects: 0.016700 ms)

AssetImportParameters requested are different than current active one (requested -> active):
  requireTextureImportCompression: false -> true
========================================================================
Received Prepare
Registering precompiled user dll's ...
Registered in 0.001786 seconds.
Begin MonoManager ReloadAssembly
Native extension for WindowsStandalone target not found
Refreshing native plugins compatible for Editor in 0.58 ms, found 0 plugins.
Preloading 0 native plugins for Editor in 0.00 ms.
Invoked RoslynAnalysisRunner static constructor.
RoslynAnalysisRunner will not be running.
RoslynAnalysisRunner has terminated.
Mono: successfully reloaded assembly
- Completed reload, in  1.175 seconds
Platform modules already initialized, skipping
Refreshing native plugins compatible for Editor in 0.63 ms, found 0 plugins.
Preloading 0 native plugins for Editor in 0.00 ms.
Unloading 3454 Unused Serialized files (Serialized files now loaded: 0)
System memory in use before: 164.3 MB.
System memory in use after: 164.6 MB.

Unloading 6 unused Assets to reduce memory usage. Loaded Objects now: 4200.
Total: 2.512300 ms (FindLiveObjects: 0.353400 ms CreateObjectMapping: 0.191900 ms MarkObjects: 1.951300 ms  DeleteObjects: 0.014500 ms)

AssetImportParameters requested are different than current active one (requested -> active):
  requireTextureImportCompression: false -> true
========================================================================
Received Prepare
Registering precompiled user dll's ...
Registered in 0.001786 seconds.
Begin MonoManager ReloadAssembly
Native extension for WindowsStandalone target not found
Refreshing native plugins compatible for Editor in 0.61 ms, found 0 plugins.
Preloading 0 native plugins for Editor in 0.00 ms.
Invoked RoslynAnalysisRunner static constructor.
RoslynAnalysisRunner will not be running.
RoslynAnalysisRunner has terminated.
Mono: successfully reloaded assembly
- Completed reload, in  1.167 seconds
Platform modules already initialized, skipping
Refreshing native plugins compatible for Editor in 0.58 ms, found 0 plugins.
Preloading 0 native plugins for Editor in 0.00 ms.
Unloading 3454 Unused Serialized files (Serialized files now loaded: 0)
System memory in use before: 164.4 MB.
System memory in use after: 164.6 MB.

Unloading 6 unused Assets to reduce memory usage. Loaded Objects now: 4203.
Total: 2.588300 ms (FindLiveObjects: 0.337900 ms CreateObjectMapping: 0.197000 ms MarkObjects: 2.038400 ms  DeleteObjects: 0.013900 ms)

AssetImportParameters requested are different than current active one (requested -> active):
  requireTextureImportCompression: false -> true
========================================================================
Received Prepare
Registering precompiled user dll's ...
Registered in 0.001778 seconds.
Begin MonoManager ReloadAssembly
Native extension for WindowsStandalone target not found
Refreshing native plugins compatible for Editor in 0.63 ms, found 0 plugins.
Preloading 0 native plugins for Editor in 0.00 ms.
Invoked RoslynAnalysisRunner static constructor.
RoslynAnalysisRunner will not be running.
RoslynAnalysisRunner has terminated.
Mono: successfully reloaded assembly
- Completed reload, in  1.143 seconds
Platform modules already initialized, skipping
Refreshing native plugins compatible for Editor in 0.97 ms, found 0 plugins.
Preloading 0 native plugins for Editor in 0.00 ms.
Unloading 3454 Unused Serialized files (Serialized files now loaded: 0)
System memory in use before: 164.4 MB.
System memory in use after: 164.6 MB.

Unloading 6 unused Assets to reduce memory usage. Loaded Objects now: 4206.
Total: 2.916700 ms (FindLiveObjects: 0.361900 ms CreateObjectMapping: 0.219400 ms MarkObjects: 2.317500 ms  DeleteObjects: 0.016500 ms)

AssetImportParameters requested are different than current active one (requested -> active):
  requireTextureImportCompression: false -> true
========================================================================
Received Prepare
Registering precompiled user dll's ...
Registered in 0.001708 seconds.
Begin MonoManager ReloadAssembly
Native extension for WindowsStandalone target not found
Refreshing native plugins compatible for Editor in 0.57 ms, found 0 plugins.
Preloading 0 native plugins for Editor in 0.00 ms.
Invoked RoslynAnalysisRunner static constructor.
RoslynAnalysisRunner will not be running.
RoslynAnalysisRunner has terminated.
Mono: successfully reloaded assembly
- Completed reload, in  1.193 seconds
Platform modules already initialized, skipping
Refreshing native plugins compatible for Editor in 0.86 ms, found 0 plugins.
Preloading 0 native plugins for Editor in 0.00 ms.
Unloading 3454 Unused Serialized files (Serialized files now loaded: 0)
System memory in use before: 164.4 MB.
System memory in use after: 164.6 MB.

Unloading 6 unused Assets to reduce memory usage. Loaded Objects now: 4209.
Total: 2.788900 ms (FindLiveObjects: 0.345100 ms CreateObjectMapping: 0.167900 ms MarkObjects: 2.256600 ms  DeleteObjects: 0.018400 ms)

AssetImportParameters requested are different than current active one (requested -> active):
  requireTextureImportCompression: false -> true
========================================================================
Received Prepare
Refreshing native plugins compatible for Editor in 1.26 ms, found 0 plugins.
Preloading 0 native plugins for Editor in 0.00 ms.
Unloading 4 Unused Serialized files (Serialized files now loaded: 0)
System memory in use before: 96.3 MB.
System memory in use after: 96.6 MB.

Unloading 3 unused Assets to reduce memory usage. Loaded Objects now: 4209.
Total: 2.748600 ms (FindLiveObjects: 0.402800 ms CreateObjectMapping: 0.209300 ms MarkObjects: 2.116900 ms  DeleteObjects: 0.016800 ms)

========================================================================
Received Prepare
Refreshing native plugins compatible for Editor in 2.14 ms, found 0 plugins.
Preloading 0 native plugins for Editor in 0.00 ms.
Unloading 4 Unused Serialized files (Serialized files now loaded: 0)
System memory in use before: 97.4 MB.
System memory in use after: 97.6 MB.

Unloading 3 unused Assets to reduce memory usage. Loaded Objects now: 4209.
Total: 6.592300 ms (FindLiveObjects: 1.385100 ms CreateObjectMapping: 0.484900 ms MarkObjects: 4.688800 ms  DeleteObjects: 0.031200 ms)

AssetImportParameters requested are different than current active one (requested -> active):
  requireTextureImportCompression: false -> true
========================================================================
Received Prepare
Refreshing native plugins compatible for Editor in 1.68 ms, found 0 plugins.
Preloading 0 native plugins for Editor in 0.00 ms.
Unloading 4 Unused Serialized files (Serialized files now loaded: 0)
System memory in use before: 97.4 MB.
System memory in use after: 97.6 MB.

Unloading 3 unused Assets to reduce memory usage. Loaded Objects now: 4209.
Total: 3.195900 ms (FindLiveObjects: 0.338500 ms CreateObjectMapping: 0.190700 ms MarkObjects: 2.650100 ms  DeleteObjects: 0.015500 ms)

========================================================================
Received Prepare
Refreshing native plugins compatible for Editor in 1.48 ms, found 0 plugins.
Preloading 0 native plugins for Editor in 0.00 ms.
Unloading 4 Unused Serialized files (Serialized files now loaded: 0)
System memory in use before: 97.4 MB.
System memory in use after: 97.6 MB.

Unloading 3 unused Assets to reduce memory usage. Loaded Objects now: 4209.
Total: 3.464800 ms (FindLiveObjects: 0.459700 ms CreateObjectMapping: 0.238500 ms MarkObjects: 2.745200 ms  DeleteObjects: 0.019400 ms)

AssetImportParameters requested are different than current active one (requested -> active):
  requireTextureImportCompression: false -> true
AssetImportWorkerClient::OnTransportError - code=2 error=End of file
